<?xml version="1.0" encoding="UTF-8"?>
<!-- Generated by org.testng.reporters.JUnitXMLReporter -->
<testsuite hostname="prajkta-PC" ignored="0" name="Banking Test" tests="3" failures="0" timestamp="16 Aug 2020 23:02:20 GMT" time="63.507" errors="0">
  <testcase name="loginDDT" time="13.878" classname="com.Nedbank.TestCases.TC_Lgin_DDT_002"/>
  <testcase name="loginDDT" time="9.501" classname="com.Nedbank.TestCases.TC_Lgin_DDT_002"/>
  <testcase name="loginDDT" time="5.864" classname="com.Nedbank.TestCases.TC_Lgin_DDT_002"/>
</testsuite> <!-- Banking Test -->
